c:\users\jahan_lw4w0q1\desktop\cg2020_p4\build\debug\vc142.pdb
c:\users\jahan_lw4w0q1\desktop\cg2020_p4\build\debug\vc142.idb
c:\users\jahan_lw4w0q1\desktop\cg2020_p4\build\debug\texture.obj
c:\users\jahan_lw4w0q1\desktop\cg2020_p4\build\debug\shader.obj
c:\users\jahan_lw4w0q1\desktop\cg2020_p4\build\debug\material.obj
c:\users\jahan_lw4w0q1\desktop\cg2020_p4\build\debug\light.obj
c:\users\jahan_lw4w0q1\desktop\cg2020_p4\build\debug\mesh.obj
c:\users\jahan_lw4w0q1\desktop\cg2020_p4\build\debug\camera.obj
c:\users\jahan_lw4w0q1\desktop\cg2020_p4\build\debug\utils.obj
c:\users\jahan_lw4w0q1\desktop\cg2020_p4\build\debug\main.obj
c:\users\jahan_lw4w0q1\desktop\cg2020_p4\build\debug\image.obj
c:\users\jahan_lw4w0q1\desktop\cg2020_p4\build\debug\framework.obj
c:\users\jahan_lw4w0q1\desktop\cg2020_p4\build\debug\application.obj
c:\users\jahan_lw4w0q1\desktop\cg2020_p4\build\computergraphics.exe
c:\users\jahan_lw4w0q1\desktop\cg2020_p4\build\computergraphics.pdb
c:\users\jahan_lw4w0q1\desktop\cg2020_p4\build\debug\..\..\build\computergraphics.pdb
c:\users\jahan_lw4w0q1\desktop\cg2020_p4\visual\visual\..\..\build\computergraphics.exe
c:\users\jahan_lw4w0q1\desktop\cg2020_p4\build\debug\computergraphics.tlog\cl.command.1.tlog
c:\users\jahan_lw4w0q1\desktop\cg2020_p4\build\debug\computergraphics.tlog\cl.read.1.tlog
c:\users\jahan_lw4w0q1\desktop\cg2020_p4\build\debug\computergraphics.tlog\cl.write.1.tlog
c:\users\jahan_lw4w0q1\desktop\cg2020_p4\build\debug\computergraphics.tlog\link.command.1.tlog
c:\users\jahan_lw4w0q1\desktop\cg2020_p4\build\debug\computergraphics.tlog\link.read.1.tlog
c:\users\jahan_lw4w0q1\desktop\cg2020_p4\build\debug\computergraphics.tlog\link.write.1.tlog
